ParseStarterProject/build/intermediates/proguard-rules/release/aapt_rules.txt
# Referenced at res\layout\abc_alert_dialog_material.xml:75
-keep class android.support.v4.widget.NestedScrollView { <init>(...); }

# Referenced at res\layout\abc_alert_dialog_button_bar_material.xml:40
-keep class android.support.v4.widget.Space { <init>(...); }

# Referenced at res\layout\abc_action_menu_item_layout.xml:17
-keep class android.support.v7.view.menu.ActionMenuItemView { <init>(...); }

# Referenced at res\layout\abc_expanded_menu_layout.xml:17
-keep class android.support.v7.view.menu.ExpandedMenuView { <init>(...); }

# Referenced at res\layout\abc_list_menu_item_layout.xml:17
# Referenced at res\layout\abc_popup_menu_item_layout.xml:17
-keep class android.support.v7.view.menu.ListMenuItemView { <init>(...); }

# Referenced at res\layout\abc_screen_toolbar.xml:27
-keep class android.support.v7.widget.ActionBarContainer { <init>(...); }

# Referenced at res\layout\abc_action_mode_bar.xml:19
# Referenced at res\layout\abc_screen_toolbar.xml:43
-keep class android.support.v7.widget.ActionBarContextView { <init>(...); }

# Referenced at res\layout\abc_screen_toolbar.xml:17
-keep class android.support.v7.widget.ActionBarOverlayLayout { <init>(...); }

# Referenced at res\layout\abc_action_menu_layout.xml:17
-keep class android.support.v7.widget.ActionMenuView { <init>(...); }

# Referenced at res\layout\abc_activity_chooser_view.xml:19
-keep class android.support.v7.widget.ActivityChooserView$InnerLayout { <init>(...); }

# Referenced at res\layout\abc_alert_dialog_button_bar_material.xml:18
-keep class android.support.v7.widget.ButtonBarLayout { <init>(...); }

# Referenced at res\layout\abc_screen_content_include.xml:19
-keep class android.support.v7.widget.ContentFrameLayout { <init>(...); }

# Referenced at res\layout\abc_alert_dialog_material.xml:48
-keep class android.support.v7.widget.DialogTitle { <init>(...); }

# Referenced at res\layout\abc_screen_simple_overlay_action_mode.xml:23
-keep class android.support.v7.widget.FitWindowsFrameLayout { <init>(...); }

# Referenced at res\layout\abc_dialog_title_material.xml:22
# Referenced at res\layout\abc_screen_simple.xml:17
-keep class android.support.v7.widget.FitWindowsLinearLayout { <init>(...); }

# Referenced at res\layout\abc_search_view.xml:78
-keep class android.support.v7.widget.SearchView$SearchAutoComplete { <init>(...); }

# Referenced at res\layout\abc_screen_toolbar.xml:36
# Referenced at res\layout\cast_expanded_controller_activity.xml:167
-keep class android.support.v7.widget.Toolbar { <init>(...); }

# Referenced at res\layout\abc_screen_simple.xml:25
# Referenced at res\layout\abc_screen_simple_overlay_action_mode.xml:32
-keep class android.support.v7.widget.ViewStubCompat { <init>(...); }

# Referenced at full\release\AndroidManifest.xml:90
-keep class com.google.android.gms.ads.AdActivity { <init>(...); }

# Referenced at full\release\AndroidManifest.xml:94
-keep class com.google.android.gms.ads.purchase.InAppPurchaseActivity { <init>(...); }

# Referenced at full\release\AndroidManifest.xml:97
-keep class com.google.android.gms.appinvite.PreviewActivity { <init>(...); }

# Referenced at full\release\AndroidManifest.xml:116
-keep class com.google.android.gms.auth.api.signin.RevocationBoundService { <init>(...); }

# Referenced at full\release\AndroidManifest.xml:107
-keep class com.google.android.gms.auth.api.signin.internal.SignInHubActivity { <init>(...); }

# Referenced at full\release\AndroidManifest.xml:89
-keep class com.google.android.gms.cast.framework.ReconnectionService { <init>(...); }

# Referenced at res\layout\cast_help_text.xml:2
-keep class com.google.android.gms.cast.framework.internal.featurehighlight.HelpTextView { <init>(...); }

# Referenced at full\release\AndroidManifest.xml:86
-keep class com.google.android.gms.cast.framework.media.MediaIntentReceiver { <init>(...); }

# Referenced at full\release\AndroidManifest.xml:88
-keep class com.google.android.gms.cast.framework.media.MediaNotificationService { <init>(...); }

# Referenced at full\release\AndroidManifest.xml:127
-keep class com.google.android.gms.common.api.GoogleApiActivity { <init>(...); }

# Referenced at res\layout\activity_driver_location.xml:14
# Referenced at res\layout\activity_rider.xml:13
-keep class com.google.android.gms.maps.SupportMapFragment { <init>(...); }

# Referenced at full\release\AndroidManifest.xml:160
-keep class com.google.android.gms.measurement.AppMeasurementReceiver { <init>(...); }

# Referenced at full\release\AndroidManifest.xml:168
-keep class com.google.android.gms.measurement.AppMeasurementService { <init>(...); }

# Referenced at full\release\AndroidManifest.xml:147
-keep class com.google.android.gms.tagmanager.TagManagerPreviewActivity { <init>(...); }

# Referenced at full\release\AndroidManifest.xml:142
-keep class com.google.android.gms.tagmanager.TagManagerService { <init>(...); }

# Referenced at full\release\AndroidManifest.xml:120
-keep class com.google.firebase.crash.internal.service.FirebaseCrashReceiverService { <init>(...); }

# Referenced at full\release\AndroidManifest.xml:123
-keep class com.google.firebase.crash.internal.service.FirebaseCrashSenderService { <init>(...); }

# Referenced at full\release\AndroidManifest.xml:188
-keep class com.google.firebase.iid.FirebaseInstanceIdInternalReceiver { <init>(...); }

# Referenced at full\release\AndroidManifest.xml:173
-keep class com.google.firebase.iid.FirebaseInstanceIdReceiver { <init>(...); }

# Referenced at full\release\AndroidManifest.xml:195
-keep class com.google.firebase.iid.FirebaseInstanceIdService { <init>(...); }

# Referenced at full\release\AndroidManifest.xml:135
-keep class com.google.firebase.messaging.FirebaseMessagingService { <init>(...); }

# Referenced at full\release\AndroidManifest.xml:203
-keep class com.google.firebase.provider.FirebaseInitProvider { <init>(...); }

# Referenced at full\release\AndroidManifest.xml:82
-keep class com.parse.starter.DriverLocationActivity { <init>(...); }

# Referenced at full\release\AndroidManifest.xml:57
-keep class com.parse.starter.MainActivity { <init>(...); }

# Referenced at full\release\AndroidManifest.xml:78
-keep class com.parse.starter.RiderActivity { <init>(...); }

# Referenced at full\release\AndroidManifest.xml:44
-keep class com.parse.starter.StarterApplication { <init>(...); }

# Referenced at full\release\AndroidManifest.xml:81
-keep class com.parse.starter.ViewRequestsActivity { <init>(...); }

# Referenced at res\layout\activity_driver_location.xml:23
-keepclassmembers class * { *** acceptRequest(...); }

# Referenced at res\layout\activity_rider.xml:22
-keepclassmembers class * { *** callUber(...); }

# Referenced at res\layout\activity_main.xml:61
-keepclassmembers class * { *** getStarted(...); }

# Referenced at res\layout\activity_rider.xml:35
-keepclassmembers class * { *** logout(...); }