ParseStarterProject/build/outputs/mapping/release/seeds.txt
com.google.android.gms.games.PlayerRef
com.google.android.gms.games.achievement.Achievement
com.google.android.gms.games.achievement.Achievement: java.lang.String getUnlockedImageUrl()
com.google.android.gms.games.achievement.Achievement: java.lang.String getRevealedImageUrl()
com.google.android.gms.games.achievement.AchievementEntity
com.google.android.gms.games.achievement.AchievementEntity: android.os.Parcelable$Creator CREATOR
com.google.android.gms.games.achievement.AchievementRef
com.google.android.gms.games.appcontent.AppContentAction
com.google.android.gms.games.appcontent.AppContentActionEntity
com.google.android.gms.games.appcontent.AppContentActionEntity: com.google.android.gms.games.appcontent.AppContentActionEntityCreator CREATOR
com.google.android.gms.games.appcontent.AppContentActionRef
com.google.android.gms.games.appcontent.AppContentAnnotation
com.google.android.gms.games.appcontent.AppContentAnnotationEntity
com.google.android.gms.games.appcontent.AppContentAnnotationEntity: com.google.android.gms.games.appcontent.AppContentAnnotationEntityCreator CREATOR
com.google.android.gms.games.appcontent.AppContentAnnotationRef
com.google.android.gms.games.appcontent.AppContentCard
com.google.android.gms.games.appcontent.AppContentCardEntity
com.google.android.gms.games.appcontent.AppContentCardEntity: com.google.android.gms.games.appcontent.AppContentCardEntityCreator CREATOR
com.google.android.gms.games.appcontent.AppContentCardRef
com.google.android.gms.games.appcontent.AppContentCondition
com.google.android.gms.games.appcontent.AppContentConditionEntity
com.google.android.gms.games.appcontent.AppContentConditionEntity: com.google.android.gms.games.appcontent.AppContentConditionEntityCreator CREATOR
com.google.android.gms.games.appcontent.AppContentConditionRef
com.google.android.gms.games.appcontent.AppContentSection
com.google.android.gms.games.appcontent.AppContentSectionEntity
com.google.android.gms.games.appcontent.AppContentSectionEntity: com.google.android.gms.games.appcontent.AppContentSectionEntityCreator CREATOR
com.google.android.gms.games.appcontent.AppContentSectionRef
com.google.android.gms.games.appcontent.AppContentTuple
com.google.android.gms.games.appcontent.AppContentTupleEntity
com.google.android.gms.games.appcontent.AppContentTupleEntity: com.google.android.gms.games.appcontent.AppContentTupleEntityCreator CREATOR
com.google.android.gms.games.appcontent.AppContentTupleRef
com.google.android.gms.games.event.Event
com.google.android.gms.games.event.Event: java.lang.String getIconImageUrl()
com.google.android.gms.games.event.EventEntity
com.google.android.gms.games.event.EventEntity: com.google.android.gms.games.event.EventEntityCreator CREATOR
com.google.android.gms.games.event.EventRef
com.google.android.gms.games.internal.ConnectionInfo
com.google.android.gms.games.internal.ConnectionInfo: com.google.android.gms.games.internal.ConnectionInfoCreator CREATOR
com.google.android.gms.games.internal.GamesDowngradeableSafeParcel
com.google.android.gms.games.internal.PopupLocationInfoParcelable
com.google.android.gms.games.internal.PopupLocationInfoParcelable: com.google.android.gms.games.internal.PopupLocationInfoParcelableCreator CREATOR
com.google.android.gms.games.internal.api.RequestsImpl: com.google.android.gms.common.api.PendingResult acceptRequest(com.google.android.gms.common.api.GoogleApiClient,java.lang.String)
com.google.android.gms.games.internal.experience.ExperienceEvent
com.google.android.gms.games.internal.experience.ExperienceEvent: java.lang.String getIconImageUrl()
com.google.android.gms.games.internal.experience.ExperienceEventEntity
com.google.android.gms.games.internal.experience.ExperienceEventEntity: com.google.android.gms.games.internal.experience.ExperienceEventEntityCreator CREATOR
com.google.android.gms.games.internal.experience.ExperienceEventRef
com.google.android.gms.games.internal.game.GameBadge