ParseStarterProject/build/outputs/mapping/release/mapping.txt
com.google.android.gms.tagmanager.zzaz$zza -> com.google.android.gms.tagmanager.f$a:
    void <init>() -> <init>
    com.google.android.gms.tagmanager.zzaz zzkz(android.os.IBinder) -> a
    android.os.IBinder asBinder() -> asBinder
    boolean onTransact(int,android.os.Parcel,android.os.Parcel,int) -> onTransact
com.google.android.gms.tagmanager.zzaz$zza$zza -> com.google.android.gms.tagmanager.f$a$a:
    android.os.IBinder zzahn -> a
    void <init>(android.os.IBinder) -> <init>
    android.os.IBinder asBinder() -> asBinder
    void zzb(java.lang.String,java.lang.String,android.os.Bundle,long) -> a
com.google.android.gms.tagmanager.zzba -> com.google.android.gms.tagmanager.g:
    void zza(java.lang.String,java.lang.String,android.os.Bundle,long) -> a
    java.util.Map zzcbk() -> a
    void zza(com.google.android.gms.tagmanager.zzaz) -> a
    void zza(com.google.android.gms.tagmanager.zzay) -> a
com.google.android.gms.tagmanager.zzba$zza -> com.google.android.gms.tagmanager.g$a:
    void <init>() -> <init>
    com.google.android.gms.tagmanager.zzba zzla(android.os.IBinder) -> a
    android.os.IBinder asBinder() -> asBinder
    boolean onTransact(int,android.os.Parcel,android.os.Parcel,int) -> onTransact
com.google.android.gms.tagmanager.zzba$zza$zza -> com.google.android.gms.tagmanager.g$a$a:
    android.os.IBinder zzahn -> a
    void <init>(android.os.IBinder) -> <init>
    android.os.IBinder asBinder() -> asBinder
    void zza(java.lang.String,java.lang.String,android.os.Bundle,long) -> a
    java.util.Map zzcbk() -> a
    void zza(com.google.android.gms.tagmanager.zzaz) -> a
    void zza(com.google.android.gms.tagmanager.zzay) -> a
com.google.android.gms.tagmanager.zzbb -> com.google.android.gms.tagmanager.h:
    void initialize(com.google.android.gms.dynamic.zzd,com.google.android.gms.tagmanager.zzba,com.google.android.gms.tagmanager.zzax) -> initialize
    void preview(android.content.Intent,com.google.android.gms.dynamic.zzd) -> preview
    void previewIntent(android.content.Intent,com.google.android.gms.dynamic.zzd,com.google.android.gms.dynamic.zzd,com.google.android.gms.tagmanager.zzba,com.google.android.gms.tagmanager.zzax) -> previewIntent
com.google.android.gms.tagmanager.zzbb$zza -> com.google.android.gms.tagmanager.h$a:
    void <init>() -> <init>
    com.google.android.gms.tagmanager.zzbb asInterface(android.os.IBinder) -> asInterface
    android.os.IBinder asBinder() -> asBinder
    boolean onTransact(int,android.os.Parcel,android.os.Parcel,int) -> onTransact
com.google.android.gms.tagmanager.zzbb$zza$zza -> com.google.android.gms.tagmanager.h$a$a:
    android.os.IBinder zzahn -> a
    void <init>(android.os.IBinder) -> <init>
    android.os.IBinder asBinder() -> asBinder
    void initialize(com.google.android.gms.dynamic.zzd,com.google.android.gms.tagmanager.zzba,com.google.android.gms.tagmanager.zzax) -> initialize
    void preview(android.content.Intent,com.google.android.gms.dynamic.zzd) -> preview
    void previewIntent(android.content.Intent,com.google.android.gms.dynamic.zzd,com.google.android.gms.dynamic.zzd,com.google.android.gms.tagmanager.zzba,com.google.android.gms.tagmanager.zzax) -> previewIntent
com.google.android.gms.tagmanager.zzbc -> com.google.android.gms.tagmanager.i:
    com.google.android.gms.internal.zzwn getService(com.google.android.gms.dynamic.zzd,com.google.android.gms.tagmanager.zzba,com.google.android.gms.tagmanager.zzax) -> getService
com.google.android.gms.tagmanager.zzbc$zza -> com.google.android.gms.tagmanager.i$a:
    void <init>() -> <init>
    com.google.android.gms.tagmanager.zzbc asInterface(android.os.IBinder) -> asInterface
    android.os.IBinder asBinder() -> asBinder
    boolean onTransact(int,android.os.Parcel,android.os.Parcel,int) -> onTransact