ParseStarterProject/build/outputs/mapping/release/usage.txt
com.google.android.gms.common.data.zzg
com.google.android.gms.common.images.ImageManager
com.google.android.gms.common.images.ImageManager$ImageReceiver
com.google.android.gms.common.images.ImageManager$OnImageLoadedListener
com.google.android.gms.common.images.ImageManager$zza
com.google.android.gms.common.images.ImageManager$zzb
com.google.android.gms.common.images.ImageManager$zzc
com.google.android.gms.common.images.ImageManager$zzd
com.google.android.gms.common.images.ImageManager$zze
com.google.android.gms.common.images.ImageManager$zzf
com.google.android.gms.common.images.Size
com.google.android.gms.common.images.WebImage:
    public WebImage(android.net.Uri)
com.google.android.gms.common.images.zza
com.google.android.gms.common.images.zza$zza
com.google.android.gms.common.images.zza$zzb
com.google.android.gms.common.images.zza$zzc
com.google.android.gms.common.internal.DowngradeableSafeParcel
com.google.android.gms.common.internal.SignInButtonConfig
com.google.android.gms.common.internal.safeparcel.zza:
    public static java.lang.Boolean zzd(android.os.Parcel,int)
    public static short zzf(android.os.Parcel,int)
    public static java.math.BigInteger zzk(android.os.Parcel,int)
    public static java.math.BigDecimal zzp(android.os.Parcel,int)
    public static boolean[] zzv(android.os.Parcel,int)
    public static java.math.BigInteger[] zzy(android.os.Parcel,int)
    public static float[] zzz(android.os.Parcel,int)
    public static double[] zzaa(android.os.Parcel,int)
    public static java.math.BigDecimal[] zzab(android.os.Parcel,int)
    public static android.os.Parcel zzaf(android.os.Parcel,int)
    public static android.os.Parcel[] zzag(android.os.Parcel,int)
com.google.android.gms.common.internal.safeparcel.zzb:
    public static void zza(android.os.Parcel,int,java.lang.Boolean,boolean)
    public static void zza(android.os.Parcel,int,short)
    public static void zza(android.os.Parcel,int,boolean[],boolean)
    public static void zza(android.os.Parcel,int,float[],boolean)
    public static void zza(android.os.Parcel,int,android.os.Parcel,boolean)
com.google.android.gms.common.internal.safeparcel.zzc
com.google.android.gms.common.internal.zzab:
    public static int zza(int,java.lang.Object)
    public static long zza(long,java.lang.Object)
    public static void zzate()
com.google.android.gms.common.internal.zzae
com.google.android.gms.common.internal.zzaf
com.google.android.gms.common.internal.zzag
com.google.android.gms.common.internal.zzak
com.google.android.gms.common.internal.zzb:
    public static void zzbn(boolean)
    public static void zza(boolean,java.lang.Object)
    public static void zzhi(java.lang.String)
    public static void zzhj(java.lang.String)
com.google.android.gms.common.internal.zzd:
    public void zza(com.google.android.gms.common.internal.zzd$zzf,com.google.android.gms.common.ConnectionResult)
com.google.android.gms.common.internal.zzg:
    public int zzasi()
    public android.view.View zzaso()
com.google.android.gms.common.internal.zzg$zza:
    public zzg$zza(java.util.Set,boolean)
com.google.android.gms.common.internal.zzi:
    public static com.google.android.gms.common.internal.zzi zza(android.support.v4.app.Fragment,android.content.Intent,int)
com.google.android.gms.common.internal.zzi$2
com.google.android.gms.common.internal.zzl:
    public boolean isConnectionCallbacksRegistered(com.google.android.gms.common.api.GoogleApiClient$ConnectionCallbacks)
    public void unregisterConnectionCallbacks(com.google.android.gms.common.api.GoogleApiClient$ConnectionCallbacks)
    public boolean isConnectionFailedListenerRegistered(com.google.android.gms.common.api.GoogleApiClient$OnConnectionFailedListener)
com.google.android.gms.common.internal.zzm:
    public abstract boolean zza(android.content.ComponentName,android.content.ServiceConnection,java.lang.String)
    public abstract void zzb(android.content.ComponentName,android.content.ServiceConnection,java.lang.String)